{"/Users/hoangpham/Hoang/Learning/Project/ecommerce/ecommerce-fe/src/assets/logo.png": {"path":"/Users/hoangpham/Hoang/Learning/Project/ecommerce/ecommerce-fe/src/assets/logo.png","statementMap":{},"fnMap":{},"branchMap":{},"s":{},"f":{},"b":{},"meta":{"lastBranch":0,"lastFunction":0,"lastStatement":0,"seen":{}}}
,"/Users/hoangpham/Hoang/Learning/Project/ecommerce/ecommerce-fe/src/components/header.tsx": {"path":"/Users/hoangpham/Hoang/Learning/Project/ecommerce/ecommerce-fe/src/components/header.tsx","statementMap":{"0":{"start":{"line":10,"column":13},"end":{"line":180,"column":null}},"1":{"start":{"line":11,"column":31},"end":{"line":11,"column":null}},"2":{"start":{"line":13,"column":16},"end":{"line":13,"column":null}},"3":{"start":{"line":15,"column":8},"end":{"line":15,"column":null}},"4":{"start":{"line":16,"column":2},"end":{"line":178,"column":null}}},"fnMap":{"0":{"name":"(anonymous_0)","decl":{"start":{"line":10,"column":13},"end":{"line":10,"column":28}},"loc":{"start":{"line":10,"column":28},"end":{"line":180,"column":null}},"line":10}},"branchMap":{"0":{"loc":{"start":{"line":15,"column":34},"end":{"line":15,"column":54}},"type":"binary-expr","locations":[{"start":{"line":15,"column":34},"end":{"line":15,"column":52}},{"start":{"line":15,"column":52},"end":{"line":15,"column":54}}],"line":15},"1":{"loc":{"start":{"line":113,"column":15},"end":{"line":149,"column":null}},"type":"cond-expr","locations":[{"start":{"line":114,"column":16},"end":{"line":143,"column":17}},{"start":{"line":143,"column":16},"end":{"line":149,"column":null}}],"line":113},"2":{"loc":{"start":{"line":158,"column":52},"end":{"line":158,"column":null}},"type":"cond-expr","locations":[{"start":{"line":158,"column":75},"end":{"line":158,"column":90}},{"start":{"line":158,"column":90},"end":{"line":158,"column":null}}],"line":158},"3":{"loc":{"start":{"line":172,"column":31},"end":{"line":172,"column":null}},"type":"cond-expr","locations":[{"start":{"line":172,"column":57},"end":{"line":172,"column":72}},{"start":{"line":172,"column":72},"end":{"line":172,"column":null}}],"line":172}},"s":{"0":1,"1":7,"2":7,"3":7,"4":7},"f":{"0":7},"b":{"0":[7,6],"1":[1,6],"2":[3,4],"3":[1,6]},"meta":{"lastBranch":4,"lastFunction":1,"lastStatement":5,"seen":{"s:10:13:180:Infinity":0,"f:10:13:10:28":0,"s:11:31:11:Infinity":1,"s:13:16:13:Infinity":2,"s:15:8:15:Infinity":3,"b:15:34:15:52:15:52:15:54":0,"s:16:2:178:Infinity":4,"b:114:16:143:17:143:16:149:Infinity":1,"b:158:75:158:90:158:90:158:Infinity":2,"b:172:57:172:72:172:72:172:Infinity":3}}}
,"/Users/hoangpham/Hoang/Learning/Project/ecommerce/ecommerce-fe/src/components/login.tsx": {"path":"/Users/hoangpham/Hoang/Learning/Project/ecommerce/ecommerce-fe/src/components/login.tsx","statementMap":{"0":{"start":{"line":7,"column":13},"end":{"line":90,"column":null}},"1":{"start":{"line":11,"column":25},"end":{"line":16,"column":null}},"2":{"start":{"line":18,"column":24},"end":{"line":18,"column":null}},"3":{"start":{"line":19,"column":10},"end":{"line":19,"column":null}},"4":{"start":{"line":21,"column":28},"end":{"line":28,"column":null}},"5":{"start":{"line":22,"column":4},"end":{"line":27,"column":null}},"6":{"start":{"line":23,"column":6},"end":{"line":23,"column":null}},"7":{"start":{"line":24,"column":6},"end":{"line":24,"column":null}},"8":{"start":{"line":26,"column":6},"end":{"line":26,"column":null}},"9":{"start":{"line":30,"column":2},"end":{"line":88,"column":null}},"10":{"start":{"line":66,"column":35},"end":{"line":66,"column":68}},"11":{"start":{"line":68,"column":18},"end":{"line":68,"column":null}}},"fnMap":{"0":{"name":"(anonymous_0)","decl":{"start":{"line":7,"column":13},"end":{"line":7,"column":27}},"loc":{"start":{"line":7,"column":27},"end":{"line":90,"column":null}},"line":7},"1":{"name":"(anonymous_1)","decl":{"start":{"line":21,"column":28},"end":{"line":21,"column":35}},"loc":{"start":{"line":21,"column":56},"end":{"line":28,"column":null}},"line":21},"2":{"name":"(anonymous_2)","decl":{"start":{"line":66,"column":17},"end":{"line":66,"column":26}},"loc":{"start":{"line":66,"column":35},"end":{"line":66,"column":68}},"line":66},"3":{"name":"(anonymous_3)","decl":{"start":{"line":67,"column":17},"end":{"line":67,"column":22}},"loc":{"start":{"line":68,"column":18},"end":{"line":68,"column":null}},"line":68}},"branchMap":{"0":{"loc":{"start":{"line":43,"column":39},"end":{"line":43,"column":null}},"type":"cond-expr","locations":[{"start":{"line":43,"column":57},"end":{"line":43,"column":73}},{"start":{"line":43,"column":73},"end":{"line":43,"column":null}}],"line":43},"1":{"loc":{"start":{"line":48,"column":11},"end":{"line":53,"column":null}},"type":"binary-expr","locations":[{"start":{"line":48,"column":11},"end":{"line":48,"column":null}},{"start":{"line":49,"column":12},"end":{"line":53,"column":null}}],"line":48},"2":{"loc":{"start":{"line":59,"column":39},"end":{"line":59,"column":null}},"type":"cond-expr","locations":[{"start":{"line":59,"column":57},"end":{"line":59,"column":73}},{"start":{"line":59,"column":73},"end":{"line":59,"column":null}}],"line":59},"3":{"loc":{"start":{"line":63,"column":11},"end":{"line":72,"column":null}},"type":"binary-expr","locations":[{"start":{"line":63,"column":11},"end":{"line":63,"column":null}},{"start":{"line":64,"column":12},"end":{"line":72,"column":null}}],"line":63},"4":{"loc":{"start":{"line":66,"column":35},"end":{"line":66,"column":68}},"type":"cond-expr","locations":[{"start":{"line":66,"column":56},"end":{"line":66,"column":62}},{"start":{"line":66,"column":62},"end":{"line":66,"column":68}}],"line":66},"5":{"loc":{"start":{"line":78,"column":11},"end":{"line":78,"column":null}},"type":"cond-expr","locations":[{"start":{"line":78,"column":26},"end":{"line":78,"column":41}},{"start":{"line":78,"column":41},"end":{"line":78,"column":null}}],"line":78}},"s":{"0":2,"1":55,"2":55,"3":55,"4":55,"5":2,"6":2,"7":1,"8":1,"9":55,"10":23,"11":38},"f":{"0":55,"1":2,"2":23,"3":38},"b":{"0":[9,46],"1":[55,9],"2":[13,42],"3":[55,13],"4":[9,14],"5":[2,53]},"meta":{"lastBranch":6,"lastFunction":4,"lastStatement":12,"seen":{"s:7:13:90:Infinity":0,"f:7:13:7:27":0,"s:11:25:16:Infinity":1,"s:18:24:18:Infinity":2,"s:19:10:19:Infinity":3,"s:21:28:28:Infinity":4,"f:21:28:21:35":1,"s:22:4:27:Infinity":5,"s:23:6:23:Infinity":6,"s:24:6:24:Infinity":7,"s:26:6:26:Infinity":8,"s:30:2:88:Infinity":9,"b:43:57:43:73:43:73:43:Infinity":0,"b:48:11:48:Infinity:49:12:53:Infinity":1,"b:59:57:59:73:59:73:59:Infinity":2,"b:63:11:63:Infinity:64:12:72:Infinity":3,"f:66:17:66:26":2,"s:66:35:66:68":10,"b:66:56:66:62:66:62:66:68":4,"f:67:17:67:22":3,"s:68:18:68:Infinity":11,"b:78:26:78:41:78:41:78:Infinity":5}}}
,"/Users/hoangpham/Hoang/Learning/Project/ecommerce/ecommerce-fe/src/components/register.tsx": {"path":"/Users/hoangpham/Hoang/Learning/Project/ecommerce/ecommerce-fe/src/components/register.tsx","statementMap":{"0":{"start":{"line":7,"column":13},"end":{"line":102,"column":null}},"1":{"start":{"line":11,"column":25},"end":{"line":16,"column":null}},"2":{"start":{"line":18,"column":10},"end":{"line":18,"column":null}},"3":{"start":{"line":19,"column":21},"end":{"line":19,"column":null}},"4":{"start":{"line":21,"column":31},"end":{"line":24,"column":null}},"5":{"start":{"line":22,"column":6},"end":{"line":22,"column":null}},"6":{"start":{"line":23,"column":6},"end":{"line":23,"column":null}},"7":{"start":{"line":26,"column":2},"end":{"line":100,"column":null}},"8":{"start":{"line":59,"column":35},"end":{"line":59,"column":68}},"9":{"start":{"line":61,"column":18},"end":{"line":61,"column":null}},"10":{"start":{"line":78,"column":16},"end":{"line":78,"column":null}}},"fnMap":{"0":{"name":"(anonymous_0)","decl":{"start":{"line":7,"column":13},"end":{"line":7,"column":30}},"loc":{"start":{"line":7,"column":30},"end":{"line":102,"column":null}},"line":7},"1":{"name":"(anonymous_1)","decl":{"start":{"line":21,"column":31},"end":{"line":21,"column":37}},"loc":{"start":{"line":21,"column":61},"end":{"line":24,"column":null}},"line":21},"2":{"name":"(anonymous_2)","decl":{"start":{"line":59,"column":17},"end":{"line":59,"column":26}},"loc":{"start":{"line":59,"column":35},"end":{"line":59,"column":68}},"line":59},"3":{"name":"(anonymous_3)","decl":{"start":{"line":60,"column":17},"end":{"line":60,"column":22}},"loc":{"start":{"line":61,"column":18},"end":{"line":61,"column":null}},"line":61},"4":{"name":"(anonymous_4)","decl":{"start":{"line":77,"column":59},"end":{"line":77,"column":64}},"loc":{"start":{"line":78,"column":16},"end":{"line":78,"column":null}},"line":78}},"branchMap":{"0":{"loc":{"start":{"line":38,"column":39},"end":{"line":38,"column":null}},"type":"cond-expr","locations":[{"start":{"line":38,"column":57},"end":{"line":38,"column":73}},{"start":{"line":38,"column":73},"end":{"line":38,"column":null}}],"line":38},"1":{"loc":{"start":{"line":41,"column":11},"end":{"line":46,"column":null}},"type":"binary-expr","locations":[{"start":{"line":41,"column":11},"end":{"line":41,"column":null}},{"start":{"line":42,"column":12},"end":{"line":46,"column":null}}],"line":41},"2":{"loc":{"start":{"line":53,"column":39},"end":{"line":53,"column":null}},"type":"cond-expr","locations":[{"start":{"line":53,"column":57},"end":{"line":53,"column":73}},{"start":{"line":53,"column":73},"end":{"line":53,"column":null}}],"line":53},"3":{"loc":{"start":{"line":56,"column":11},"end":{"line":65,"column":null}},"type":"binary-expr","locations":[{"start":{"line":56,"column":11},"end":{"line":56,"column":null}},{"start":{"line":57,"column":12},"end":{"line":65,"column":null}}],"line":56},"4":{"loc":{"start":{"line":59,"column":35},"end":{"line":59,"column":68}},"type":"cond-expr","locations":[{"start":{"line":59,"column":56},"end":{"line":59,"column":62}},{"start":{"line":59,"column":62},"end":{"line":59,"column":68}}],"line":59},"5":{"loc":{"start":{"line":72,"column":39},"end":{"line":72,"column":null}},"type":"cond-expr","locations":[{"start":{"line":72,"column":64},"end":{"line":72,"column":80}},{"start":{"line":72,"column":80},"end":{"line":72,"column":null}}],"line":72},"6":{"loc":{"start":{"line":75,"column":11},"end":{"line":82,"column":null}},"type":"binary-expr","locations":[{"start":{"line":75,"column":11},"end":{"line":75,"column":null}},{"start":{"line":76,"column":12},"end":{"line":82,"column":null}}],"line":75},"7":{"loc":{"start":{"line":89,"column":11},"end":{"line":89,"column":null}},"type":"cond-expr","locations":[{"start":{"line":89,"column":26},"end":{"line":89,"column":41}},{"start":{"line":89,"column":41},"end":{"line":89,"column":null}}],"line":89}},"s":{"0":2,"1":46,"2":46,"3":46,"4":46,"5":1,"6":1,"7":46,"8":16,"9":28,"10":1},"f":{"0":46,"1":1,"2":16,"3":28,"4":1},"b":{"0":[8,38],"1":[46,8],"2":[9,37],"3":[46,9],"4":[7,9],"5":[1,45],"6":[46,1],"7":[1,45]},"meta":{"lastBranch":8,"lastFunction":5,"lastStatement":11,"seen":{"s:7:13:102:Infinity":0,"f:7:13:7:30":0,"s:11:25:16:Infinity":1,"s:18:10:18:Infinity":2,"s:19:21:19:Infinity":3,"s:21:31:24:Infinity":4,"f:21:31:21:37":1,"s:22:6:22:Infinity":5,"s:23:6:23:Infinity":6,"s:26:2:100:Infinity":7,"b:38:57:38:73:38:73:38:Infinity":0,"b:41:11:41:Infinity:42:12:46:Infinity":1,"b:53:57:53:73:53:73:53:Infinity":2,"b:56:11:56:Infinity:57:12:65:Infinity":3,"f:59:17:59:26":2,"s:59:35:59:68":8,"b:59:56:59:62:59:62:59:68":4,"f:60:17:60:22":3,"s:61:18:61:Infinity":9,"b:72:64:72:80:72:80:72:Infinity":5,"b:75:11:75:Infinity:76:12:82:Infinity":6,"f:77:59:77:64":4,"s:78:16:78:Infinity":10,"b:89:26:89:41:89:41:89:Infinity":7}}}
,"/Users/hoangpham/Hoang/Learning/Project/ecommerce/ecommerce-fe/src/hooks/useAuth.ts": {"path":"/Users/hoangpham/Hoang/Learning/Project/ecommerce/ecommerce-fe/src/hooks/useAuth.ts","statementMap":{"0":{"start":{"line":7,"column":13},"end":{"line":28,"column":null}},"1":{"start":{"line":8,"column":31},"end":{"line":23,"column":null}},"2":{"start":{"line":9,"column":74},"end":{"line":9,"column":null}},"3":{"start":{"line":10,"column":8},"end":{"line":10,"column":null}},"4":{"start":{"line":11,"column":8},"end":{"line":22,"column":null}},"5":{"start":{"line":12,"column":12},"end":{"line":12,"column":null}},"6":{"start":{"line":13,"column":12},"end":{"line":15,"column":null}},"7":{"start":{"line":17,"column":18},"end":{"line":17,"column":null}},"8":{"start":{"line":19,"column":12},"end":{"line":21,"column":null}},"9":{"start":{"line":25,"column":4},"end":{"line":27,"column":null}},"10":{"start":{"line":30,"column":13},"end":{"line":53,"column":null}},"11":{"start":{"line":31,"column":10},"end":{"line":31,"column":null}},"12":{"start":{"line":31,"column":48},"end":{"line":31,"column":59}},"13":{"start":{"line":33,"column":24},"end":{"line":51,"column":null}},"14":{"start":{"line":34,"column":8},"end":{"line":50,"column":null}},"15":{"start":{"line":35,"column":24},"end":{"line":35,"column":null}},"16":{"start":{"line":36,"column":25},"end":{"line":36,"column":null}},"17":{"start":{"line":37,"column":12},"end":{"line":37,"column":null}},"18":{"start":{"line":39,"column":12},"end":{"line":41,"column":null}},"19":{"start":{"line":42,"column":12},"end":{"line":42,"column":null}},"20":{"start":{"line":44,"column":18},"end":{"line":44,"column":null}},"21":{"start":{"line":46,"column":12},"end":{"line":48,"column":null}},"22":{"start":{"line":49,"column":12},"end":{"line":49,"column":null}},"23":{"start":{"line":52,"column":4},"end":{"line":52,"column":null}},"24":{"start":{"line":55,"column":13},"end":{"line":72,"column":null}},"25":{"start":{"line":56,"column":10},"end":{"line":56,"column":null}},"26":{"start":{"line":56,"column":48},"end":{"line":56,"column":59}},"27":{"start":{"line":58,"column":34},"end":{"line":70,"column":null}},"28":{"start":{"line":59,"column":8},"end":{"line":69,"column":null}},"29":{"start":{"line":60,"column":24},"end":{"line":60,"column":null}},"30":{"start":{"line":61,"column":25},"end":{"line":61,"column":null}},"31":{"start":{"line":62,"column":12},"end":{"line":62,"column":null}},"32":{"start":{"line":64,"column":18},"end":{"line":64,"column":null}},"33":{"start":{"line":66,"column":12},"end":{"line":68,"column":null}},"34":{"start":{"line":71,"column":4},"end":{"line":71,"column":null}}},"fnMap":{"0":{"name":"(anonymous_0)","decl":{"start":{"line":7,"column":13},"end":{"line":7,"column":37}},"loc":{"start":{"line":7,"column":37},"end":{"line":28,"column":null}},"line":7},"1":{"name":"(anonymous_1)","decl":{"start":{"line":8,"column":31},"end":{"line":8,"column":38}},"loc":{"start":{"line":8,"column":62},"end":{"line":23,"column":null}},"line":8},"2":{"name":"(anonymous_2)","decl":{"start":{"line":30,"column":13},"end":{"line":30,"column":30}},"loc":{"start":{"line":30,"column":30},"end":{"line":53,"column":null}},"line":30},"3":{"name":"(anonymous_3)","decl":{"start":{"line":31,"column":24},"end":{"line":31,"column":38}},"loc":{"start":{"line":31,"column":48},"end":{"line":31,"column":59}},"line":31},"4":{"name":"(anonymous_4)","decl":{"start":{"line":33,"column":24},"end":{"line":33,"column":31}},"loc":{"start":{"line":33,"column":52},"end":{"line":51,"column":null}},"line":33},"5":{"name":"(anonymous_5)","decl":{"start":{"line":55,"column":13},"end":{"line":55,"column":40}},"loc":{"start":{"line":55,"column":40},"end":{"line":72,"column":null}},"line":55},"6":{"name":"(anonymous_6)","decl":{"start":{"line":56,"column":24},"end":{"line":56,"column":38}},"loc":{"start":{"line":56,"column":48},"end":{"line":56,"column":59}},"line":56},"7":{"name":"(anonymous_7)","decl":{"start":{"line":58,"column":34},"end":{"line":58,"column":46}},"loc":{"start":{"line":58,"column":46},"end":{"line":70,"column":null}},"line":58}},"branchMap":{},"s":{"0":2,"1":13,"2":2,"3":2,"4":2,"5":2,"6":1,"7":1,"8":1,"9":13,"10":2,"11":13,"12":40,"13":13,"14":2,"15":2,"16":1,"17":1,"18":1,"19":1,"20":1,"21":1,"22":1,"23":13,"24":2,"25":2,"26":7,"27":2,"28":2,"29":2,"30":1,"31":1,"32":1,"33":1,"34":2},"f":{"0":13,"1":2,"2":13,"3":40,"4":2,"5":2,"6":7,"7":2},"b":{},"meta":{"lastBranch":0,"lastFunction":8,"lastStatement":35,"seen":{"s:7:13:28:Infinity":0,"f:7:13:7:37":0,"s:8:31:23:Infinity":1,"f:8:31:8:38":1,"s:9:74:9:Infinity":2,"s:10:8:10:Infinity":3,"s:11:8:22:Infinity":4,"s:12:12:12:Infinity":5,"s:13:12:15:Infinity":6,"s:17:18:17:Infinity":7,"s:19:12:21:Infinity":8,"s:25:4:27:Infinity":9,"s:30:13:53:Infinity":10,"f:30:13:30:30":2,"s:31:10:31:Infinity":11,"f:31:24:31:38":3,"s:31:48:31:59":12,"s:33:24:51:Infinity":13,"f:33:24:33:31":4,"s:34:8:50:Infinity":14,"s:35:24:35:Infinity":15,"s:36:25:36:Infinity":16,"s:37:12:37:Infinity":17,"s:39:12:41:Infinity":18,"s:42:12:42:Infinity":19,"s:44:18:44:Infinity":20,"s:46:12:48:Infinity":21,"s:49:12:49:Infinity":22,"s:52:4:52:Infinity":23,"s:55:13:72:Infinity":24,"f:55:13:55:40":5,"s:56:10:56:Infinity":25,"f:56:24:56:38":6,"s:56:48:56:59":26,"s:58:34:70:Infinity":27,"f:58:34:58:46":7,"s:59:8:69:Infinity":28,"s:60:24:60:Infinity":29,"s:61:25:61:Infinity":30,"s:62:12:62:Infinity":31,"s:64:18:64:Infinity":32,"s:66:12:68:Infinity":33,"s:71:4:71:Infinity":34}}}
,"/Users/hoangpham/Hoang/Learning/Project/ecommerce/ecommerce-fe/src/schemas/authSchema.ts": {"path":"/Users/hoangpham/Hoang/Learning/Project/ecommerce/ecommerce-fe/src/schemas/authSchema.ts","statementMap":{"0":{"start":{"line":3,"column":30},"end":{"line":21,"column":null}},"1":{"start":{"line":23,"column":30},"end":{"line":28,"column":null}},"2":{"start":{"line":25,"column":18},"end":{"line":25,"column":58}}},"fnMap":{"0":{"name":"(anonymous_0)","decl":{"start":{"line":25,"column":3},"end":{"line":25,"column":10}},"loc":{"start":{"line":25,"column":18},"end":{"line":25,"column":58}},"line":25}},"branchMap":{},"s":{"0":3,"1":3,"2":73},"f":{"0":73},"b":{},"meta":{"lastBranch":0,"lastFunction":1,"lastStatement":3,"seen":{"s:3:30:21:Infinity":0,"s:23:30:28:Infinity":1,"f:25:3:25:10":0,"s:25:18:25:58":2}}}
,"/Users/hoangpham/Hoang/Learning/Project/ecommerce/ecommerce-fe/src/services/auth.ts": {"path":"/Users/hoangpham/Hoang/Learning/Project/ecommerce/ecommerce-fe/src/services/auth.ts","statementMap":{"0":{"start":{"line":8,"column":31},"end":{"line":10,"column":null}},"1":{"start":{"line":9,"column":4},"end":{"line":9,"column":null}},"2":{"start":{"line":12,"column":28},"end":{"line":15,"column":null}},"3":{"start":{"line":13,"column":16},"end":{"line":13,"column":null}},"4":{"start":{"line":14,"column":4},"end":{"line":14,"column":null}},"5":{"start":{"line":17,"column":39},"end":{"line":20,"column":null}},"6":{"start":{"line":18,"column":16},"end":{"line":18,"column":null}},"7":{"start":{"line":19,"column":4},"end":{"line":19,"column":null}}},"fnMap":{"0":{"name":"(anonymous_0)","decl":{"start":{"line":8,"column":31},"end":{"line":8,"column":38}},"loc":{"start":{"line":8,"column":68},"end":{"line":10,"column":null}},"line":8},"1":{"name":"(anonymous_1)","decl":{"start":{"line":12,"column":28},"end":{"line":12,"column":35}},"loc":{"start":{"line":12,"column":65},"end":{"line":15,"column":null}},"line":12},"2":{"name":"(anonymous_2)","decl":{"start":{"line":17,"column":39},"end":{"line":17,"column":51}},"loc":{"start":{"line":17,"column":51},"end":{"line":20,"column":null}},"line":17}},"branchMap":{},"s":{"0":2,"1":1,"2":2,"3":1,"4":1,"5":2,"6":1,"7":1},"f":{"0":1,"1":1,"2":1},"b":{},"meta":{"lastBranch":0,"lastFunction":3,"lastStatement":8,"seen":{"s:8:31:10:Infinity":0,"f:8:31:8:38":0,"s:9:4:9:Infinity":1,"s:12:28:15:Infinity":2,"f:12:28:12:35":1,"s:13:16:13:Infinity":3,"s:14:4:14:Infinity":4,"s:17:39:20:Infinity":5,"f:17:39:17:51":2,"s:18:16:18:Infinity":6,"s:19:4:19:Infinity":7}}}
,"/Users/hoangpham/Hoang/Learning/Project/ecommerce/ecommerce-fe/src/services/axios.ts": {"path":"/Users/hoangpham/Hoang/Learning/Project/ecommerce/ecommerce-fe/src/services/axios.ts","statementMap":{"0":{"start":{"line":3,"column":27},"end":{"line":7,"column":null}}},"fnMap":{},"branchMap":{"0":{"loc":{"start":{"line":6,"column":13},"end":{"line":6,"column":null}},"type":"binary-expr","locations":[{"start":{"line":6,"column":13},"end":{"line":6,"column":45}},{"start":{"line":6,"column":45},"end":{"line":6,"column":null}}],"line":6}},"s":{"0":1},"f":{},"b":{"0":[1,1]},"meta":{"lastBranch":1,"lastFunction":0,"lastStatement":1,"seen":{"s:3:27:7:Infinity":0,"b:6:13:6:45:6:45:6:Infinity":0}}}
,"/Users/hoangpham/Hoang/Learning/Project/ecommerce/ecommerce-fe/src/stores/useAuthModeStore.ts": {"path":"/Users/hoangpham/Hoang/Learning/Project/ecommerce/ecommerce-fe/src/stores/useAuthModeStore.ts","statementMap":{"0":{"start":{"line":12,"column":13},"end":{"line":17,"column":null}},"1":{"start":{"line":12,"column":66},"end":{"line":17,"column":2}},"2":{"start":{"line":14,"column":21},"end":{"line":14,"column":null}},"3":{"start":{"line":15,"column":24},"end":{"line":15,"column":null}},"4":{"start":{"line":16,"column":17},"end":{"line":16,"column":null}}},"fnMap":{"0":{"name":"(anonymous_0)","decl":{"start":{"line":12,"column":33},"end":{"line":12,"column":57}},"loc":{"start":{"line":12,"column":66},"end":{"line":17,"column":2}},"line":12},"1":{"name":"(anonymous_1)","decl":{"start":{"line":14,"column":4},"end":{"line":14,"column":21}},"loc":{"start":{"line":14,"column":21},"end":{"line":14,"column":null}},"line":14},"2":{"name":"(anonymous_2)","decl":{"start":{"line":15,"column":4},"end":{"line":15,"column":24}},"loc":{"start":{"line":15,"column":24},"end":{"line":15,"column":null}},"line":15},"3":{"name":"(anonymous_3)","decl":{"start":{"line":16,"column":4},"end":{"line":16,"column":17}},"loc":{"start":{"line":16,"column":17},"end":{"line":16,"column":null}},"line":16}},"branchMap":{},"s":{"0":2,"1":2,"2":2,"3":2,"4":1},"f":{"0":2,"1":2,"2":2,"3":1},"b":{},"meta":{"lastBranch":0,"lastFunction":4,"lastStatement":5,"seen":{"s:12:13:17:Infinity":0,"f:12:33:12:57":0,"s:12:66:17:2":1,"f:14:4:14:21":1,"s:14:21:14:Infinity":2,"f:15:4:15:24":2,"s:15:24:15:Infinity":3,"f:16:4:16:17":3,"s:16:17:16:Infinity":4}}}
,"/Users/hoangpham/Hoang/Learning/Project/ecommerce/ecommerce-fe/src/stores/useAuthStore.ts": {"path":"/Users/hoangpham/Hoang/Learning/Project/ecommerce/ecommerce-fe/src/stores/useAuthStore.ts","statementMap":{"0":{"start":{"line":14,"column":13},"end":{"line":18,"column":null}},"1":{"start":{"line":14,"column":56},"end":{"line":18,"column":2}},"2":{"start":{"line":17,"column":21},"end":{"line":17,"column":null}}},"fnMap":{"0":{"name":"(anonymous_0)","decl":{"start":{"line":14,"column":28},"end":{"line":14,"column":47}},"loc":{"start":{"line":14,"column":56},"end":{"line":18,"column":2}},"line":14},"1":{"name":"(anonymous_1)","decl":{"start":{"line":17,"column":4},"end":{"line":17,"column":12}},"loc":{"start":{"line":17,"column":21},"end":{"line":17,"column":null}},"line":17}},"branchMap":{},"s":{"0":2,"1":2,"2":2},"f":{"0":2,"1":2},"b":{},"meta":{"lastBranch":0,"lastFunction":2,"lastStatement":3,"seen":{"s:14:13:18:Infinity":0,"f:14:28:14:47":0,"s:14:56:18:2":1,"f:17:4:17:12":1,"s:17:21:17:Infinity":2}}}
,"/Users/hoangpham/Hoang/Learning/Project/ecommerce/ecommerce-fe/src/utils/auth.ts": {"path":"/Users/hoangpham/Hoang/Learning/Project/ecommerce/ecommerce-fe/src/utils/auth.ts","statementMap":{"0":{"start":{"line":1,"column":13},"end":{"line":4,"column":null}},"1":{"start":{"line":2,"column":23},"end":{"line":2,"column":null}},"2":{"start":{"line":3,"column":4},"end":{"line":3,"column":null}}},"fnMap":{"0":{"name":"(anonymous_0)","decl":{"start":{"line":1,"column":13},"end":{"line":1,"column":28}},"loc":{"start":{"line":1,"column":49},"end":{"line":4,"column":null}},"line":1}},"branchMap":{"0":{"loc":{"start":{"line":2,"column":23},"end":{"line":2,"column":null}},"type":"binary-expr","locations":[{"start":{"line":2,"column":23},"end":{"line":2,"column":35}},{"start":{"line":2,"column":35},"end":{"line":2,"column":null}}],"line":2}},"s":{"0":1,"1":7,"2":7},"f":{"0":7},"b":{"0":[7,6]},"meta":{"lastBranch":1,"lastFunction":1,"lastStatement":3,"seen":{"s:1:13:4:Infinity":0,"f:1:13:1:28":0,"s:2:23:2:Infinity":1,"b:2:23:2:35:2:35:2:Infinity":0,"s:3:4:3:Infinity":2}}}
,"/Users/hoangpham/Hoang/Learning/Project/ecommerce/ecommerce-fe/src/utils/error.ts": {"path":"/Users/hoangpham/Hoang/Learning/Project/ecommerce/ecommerce-fe/src/utils/error.ts","statementMap":{"0":{"start":{"line":3,"column":13},"end":{"line":13,"column":null}},"1":{"start":{"line":4,"column":17},"end":{"line":4,"column":null}},"2":{"start":{"line":6,"column":4},"end":{"line":10,"column":null}},"3":{"start":{"line":7,"column":8},"end":{"line":7,"column":null}},"4":{"start":{"line":8,"column":11},"end":{"line":10,"column":null}},"5":{"start":{"line":9,"column":8},"end":{"line":9,"column":null}},"6":{"start":{"line":12,"column":4},"end":{"line":12,"column":null}}},"fnMap":{"0":{"name":"(anonymous_0)","decl":{"start":{"line":3,"column":13},"end":{"line":3,"column":32}},"loc":{"start":{"line":3,"column":59},"end":{"line":13,"column":null}},"line":3}},"branchMap":{"0":{"loc":{"start":{"line":6,"column":4},"end":{"line":10,"column":null}},"type":"if","locations":[{"start":{"line":6,"column":4},"end":{"line":10,"column":null}},{"start":{"line":8,"column":11},"end":{"line":10,"column":null}}],"line":6},"1":{"loc":{"start":{"line":7,"column":17},"end":{"line":7,"column":null}},"type":"binary-expr","locations":[{"start":{"line":7,"column":17},"end":{"line":7,"column":50}},{"start":{"line":7,"column":50},"end":{"line":7,"column":null}}],"line":7},"2":{"loc":{"start":{"line":8,"column":11},"end":{"line":10,"column":null}},"type":"if","locations":[{"start":{"line":8,"column":11},"end":{"line":10,"column":null}},{"start":{},"end":{}}],"line":8}},"s":{"0":3,"1":7,"2":7,"3":2,"4":5,"5":4,"6":7},"f":{"0":7},"b":{"0":[2,5],"1":[2,1],"2":[4,1]},"meta":{"lastBranch":3,"lastFunction":1,"lastStatement":7,"seen":{"s:3:13:13:Infinity":0,"f:3:13:3:32":0,"s:4:17:4:Infinity":1,"b:6:4:10:Infinity:8:11:10:Infinity":0,"s:6:4:10:Infinity":2,"s:7:8:7:Infinity":3,"b:7:17:7:50:7:50:7:Infinity":1,"b:8:11:10:Infinity:undefined:undefined:undefined:undefined":2,"s:8:11:10:Infinity":4,"s:9:8:9:Infinity":5,"s:12:4:12:Infinity":6}}}
,"/Users/hoangpham/Hoang/Learning/Project/ecommerce/ecommerce-fe/src/utils/__test__/authHelpers.ts": {"path":"/Users/hoangpham/Hoang/Learning/Project/ecommerce/ecommerce-fe/src/utils/__test__/authHelpers.ts","statementMap":{"0":{"start":{"line":5,"column":13},"end":{"line":36,"column":null}},"1":{"start":{"line":6,"column":4},"end":{"line":35,"column":null}},"2":{"start":{"line":7,"column":8},"end":{"line":7,"column":null}},"3":{"start":{"line":8,"column":21},"end":{"line":8,"column":null}},"4":{"start":{"line":9,"column":30},"end":{"line":9,"column":null}},"5":{"start":{"line":11,"column":8},"end":{"line":11,"column":null}},"6":{"start":{"line":12,"column":8},"end":{"line":16,"column":null}},"7":{"start":{"line":13,"column":12},"end":{"line":15,"column":null}},"8":{"start":{"line":18,"column":8},"end":{"line":18,"column":null}},"9":{"start":{"line":19,"column":8},"end":{"line":19,"column":null}},"10":{"start":{"line":20,"column":8},"end":{"line":24,"column":null}},"11":{"start":{"line":21,"column":12},"end":{"line":23,"column":null}},"12":{"start":{"line":26,"column":8},"end":{"line":26,"column":null}},"13":{"start":{"line":27,"column":8},"end":{"line":27,"column":null}},"14":{"start":{"line":28,"column":8},"end":{"line":34,"column":null}},"15":{"start":{"line":29,"column":12},"end":{"line":33,"column":null}},"16":{"start":{"line":38,"column":13},"end":{"line":72,"column":null}},"17":{"start":{"line":39,"column":4},"end":{"line":71,"column":null}},"18":{"start":{"line":40,"column":8},"end":{"line":40,"column":null}},"19":{"start":{"line":41,"column":21},"end":{"line":41,"column":null}},"20":{"start":{"line":42,"column":30},"end":{"line":42,"column":null}},"21":{"start":{"line":44,"column":8},"end":{"line":44,"column":null}},"22":{"start":{"line":45,"column":8},"end":{"line":59,"column":null}},"23":{"start":{"line":46,"column":12},"end":{"line":48,"column":null}},"24":{"start":{"line":49,"column":12},"end":{"line":51,"column":null}},"25":{"start":{"line":53,"column":12},"end":{"line":55,"column":null}},"26":{"start":{"line":56,"column":12},"end":{"line":58,"column":null}},"27":{"start":{"line":61,"column":8},"end":{"line":61,"column":null}},"28":{"start":{"line":62,"column":8},"end":{"line":62,"column":null}},"29":{"start":{"line":63,"column":8},"end":{"line":70,"column":null}},"30":{"start":{"line":64,"column":12},"end":{"line":66,"column":null}},"31":{"start":{"line":67,"column":12},"end":{"line":69,"column":null}}},"fnMap":{"0":{"name":"(anonymous_0)","decl":{"start":{"line":5,"column":13},"end":{"line":5,"column":33}},"loc":{"start":{"line":5,"column":66},"end":{"line":36,"column":null}},"line":5},"1":{"name":"(anonymous_1)","decl":{"start":{"line":6,"column":77},"end":{"line":6,"column":89}},"loc":{"start":{"line":6,"column":89},"end":{"line":35,"column":5}},"line":6},"2":{"name":"(anonymous_2)","decl":{"start":{"line":12,"column":14},"end":{"line":12,"column":28}},"loc":{"start":{"line":12,"column":28},"end":{"line":16,"column":9}},"line":12},"3":{"name":"(anonymous_3)","decl":{"start":{"line":20,"column":14},"end":{"line":20,"column":28}},"loc":{"start":{"line":20,"column":28},"end":{"line":24,"column":9}},"line":20},"4":{"name":"(anonymous_4)","decl":{"start":{"line":28,"column":14},"end":{"line":28,"column":28}},"loc":{"start":{"line":28,"column":28},"end":{"line":34,"column":9}},"line":28},"5":{"name":"(anonymous_5)","decl":{"start":{"line":38,"column":13},"end":{"line":38,"column":33}},"loc":{"start":{"line":38,"column":66},"end":{"line":72,"column":null}},"line":38},"6":{"name":"(anonymous_6)","decl":{"start":{"line":39,"column":87},"end":{"line":39,"column":99}},"loc":{"start":{"line":39,"column":99},"end":{"line":71,"column":5}},"line":39},"7":{"name":"(anonymous_7)","decl":{"start":{"line":45,"column":14},"end":{"line":45,"column":28}},"loc":{"start":{"line":45,"column":28},"end":{"line":59,"column":9}},"line":45},"8":{"name":"(anonymous_8)","decl":{"start":{"line":63,"column":14},"end":{"line":63,"column":28}},"loc":{"start":{"line":63,"column":28},"end":{"line":70,"column":9}},"line":63}},"branchMap":{},"s":{"0":2,"1":2,"2":2,"3":2,"4":2,"5":2,"6":2,"7":2,"8":2,"9":2,"10":2,"11":2,"12":2,"13":2,"14":2,"15":2,"16":2,"17":2,"18":2,"19":2,"20":2,"21":2,"22":2,"23":2,"24":2,"25":2,"26":2,"27":2,"28":2,"29":2,"30":2,"31":2},"f":{"0":2,"1":2,"2":2,"3":2,"4":2,"5":2,"6":2,"7":2,"8":2},"b":{},"meta":{"lastBranch":0,"lastFunction":9,"lastStatement":32,"seen":{"s:5:13:36:Infinity":0,"f:5:13:5:33":0,"s:6:4:35:Infinity":1,"f:6:77:6:89":1,"s:7:8:7:Infinity":2,"s:8:21:8:Infinity":3,"s:9:30:9:Infinity":4,"s:11:8:11:Infinity":5,"s:12:8:16:Infinity":6,"f:12:14:12:28":2,"s:13:12:15:Infinity":7,"s:18:8:18:Infinity":8,"s:19:8:19:Infinity":9,"s:20:8:24:Infinity":10,"f:20:14:20:28":3,"s:21:12:23:Infinity":11,"s:26:8:26:Infinity":12,"s:27:8:27:Infinity":13,"s:28:8:34:Infinity":14,"f:28:14:28:28":4,"s:29:12:33:Infinity":15,"s:38:13:72:Infinity":16,"f:38:13:38:33":5,"s:39:4:71:Infinity":17,"f:39:87:39:99":6,"s:40:8:40:Infinity":18,"s:41:21:41:Infinity":19,"s:42:30:42:Infinity":20,"s:44:8:44:Infinity":21,"s:45:8:59:Infinity":22,"f:45:14:45:28":7,"s:46:12:48:Infinity":23,"s:49:12:51:Infinity":24,"s:53:12:55:Infinity":25,"s:56:12:58:Infinity":26,"s:61:8:61:Infinity":27,"s:62:8:62:Infinity":28,"s:63:8:70:Infinity":29,"f:63:14:63:28":8,"s:64:12:66:Infinity":30,"s:67:12:69:Infinity":31}}}
}
